-------------------------------------------------------------------------------
Test set: prueba
-------------------------------------------------------------------------------
Tests run: 1, Failures: 1, Errors: 0, Skipped: 0, Time elapsed: 0.056 s <<< FAILURE! - in prueba
PrimeroDeRevisados  Time elapsed: 0.048 s  <<< FAILURE!
org.opentest4j.AssertionFailedError: expected: <true> but was: <false>
	at prueba.PrimeroDeRevisados(prueba.java:81)

